#
# An unexpected error has been detected by Java Runtime Environment:
#
#  EXCEPTION_ACCESS_VIOLATION (0xc0000005) at pc=0x00000000, pid=6064, tid=5692
#
# Java VM: Java HotSpot(TM) Client VM (10.0-b19 mixed mode windows-x86)
# Problematic frame:
# C  0x00000000
#
# If you would like to submit a bug report, please visit:
#   http://java.sun.com/webapps/bugreport/crash.jsp
# The crash happened outside the Java Virtual Machine in native code.
# See problematic frame for where to report the bug.
#

---------------  T H R E A D  ---------------

Current thread (0x065efc00):  JavaThread "main" [_thread_in_native, id=5692, stack(0x00430000,0x00c30000)]

siginfo: ExceptionCode=0xc0000005, reading address 0x00000000

Registers:
EAX=0x3118ded0, EBX=0x1ffe1110, ECX=0x00000000, EDX=0x00000000
ESP=0x00c2a68c, EBP=0x00c2a6b4, ESI=0x200731f0, EDI=0x200731f0
EIP=0x00000000, EFLAGS=0x00010246

Top of Stack: (sp=0x00c2a68c)
0x00c2a68c:   7b7f41c0 200731f0 00000000 200731f0
0x00c2a69c:   1fe8b8f8 00000002 789ac300 00c2a744
0x00c2a6ac:   7b823f08 00000000 00c2a6f8 788403ac
0x00c2a6bc:   200731f0 00000000 200731f0 00000001
0x00c2a6cc:   1fe8b8f8 78947854 1ffe1110 1ffe1110
0x00c2a6dc:   1fe8b8f8 78947854 7aae8dd0 7aae8de0
0x00c2a6ec:   7aae8dc0 1ffe1110 00000000 00c2a728
0x00c2a6fc:   7884e018 200731f0 1fe8b8f8 013a7a78 

Instructions: (pc=0x00000000)
0xfffffff0:   


Stack: [0x00430000,0x00c30000],  sp=0x00c2a68c,  free space=8169k
Java frames: (J=compiled Java code, j=interpreted, Vv=VM code)
v  ~BufferBlob::Interpreter
v  ~BufferBlob::Interpreter
v  ~BufferBlob::Interpreter
v  ~BufferBlob::Interpreter
v  ~BufferBlob::Interpreter
v  ~BufferBlob::Interpreter
v  ~BufferBlob::StubRoutines (1)

---------------  P R O C E S S  ---------------

Java Threads: ( => current thread )
  0x086f0c00 JavaThread "Thread-8" [_thread_blocked, id=5404, stack(0x0f7b0000,0x0f830000)]
  0x086f0400 JavaThread "Thread-7" [_thread_blocked, id=3684, stack(0x0f730000,0x0f7b0000)]
  0x086ef800 JavaThread "Thread-6" [_thread_blocked, id=2844, stack(0x0f4a0000,0x0f520000)]
  0x086ef400 JavaThread "Active Reference Queue Daemon" daemon [_thread_blocked, id=4012, stack(0x0f3a0000,0x0f420000)]
  0x086eec00 JavaThread "Timer-2" daemon [_thread_blocked, id=3816, stack(0x0f320000,0x0f3a0000)]
  0x086ee800 JavaThread "Timer-1" daemon [_thread_blocked, id=5300, stack(0x0e230000,0x0e2b0000)]
  0x086ed800 JavaThread "TimerQueue" daemon [_thread_blocked, id=1604, stack(0x0df50000,0x0dfd0000)]
  0x086ed000 JavaThread "AWT-EventQueue-0" [_thread_blocked, id=1788, stack(0x0deb0000,0x0df30000)]
  0x086ecc00 JavaThread "AWT-Shutdown" [_thread_blocked, id=3140, stack(0x0dd30000,0x0ddb0000)]
  0x086ec000 JavaThread "AWT-Windows" daemon [_thread_in_native, id=6092, stack(0x0d540000,0x0d5c0000)]
  0x086eb400 JavaThread "Java2D Disposer" daemon [_thread_blocked, id=4876, stack(0x0d440000,0x0d4c0000)]
  0x086eb000 JavaThread "Timer-0" [_thread_blocked, id=3504, stack(0x0c500000,0x0c580000)]
  0x086ea800 JavaThread "JMI Unnamed Thread" [_thread_in_native, id=6080, stack(0x05540000,0x05d40000)]
  0x086ea400 JavaThread "Low Memory Detector" daemon [_thread_blocked, id=3584, stack(0x0ba80000,0x0bb00000)]
  0x086fa000 JavaThread "CompilerThread0" daemon [_thread_blocked, id=3540, stack(0x0b280000,0x0ba80000)]
  0x086e9c00 JavaThread "Attach Listener" daemon [_thread_blocked, id=2116, stack(0x08960000,0x089e0000)]
  0x086d2800 JavaThread "Finalizer" daemon [_thread_blocked, id=4704, stack(0x088e0000,0x08960000)]
  0x086ce400 JavaThread "Reference Handler" daemon [_thread_blocked, id=4632, stack(0x08860000,0x088e0000)]
=>0x065efc00 JavaThread "main" [_thread_in_native, id=5692, stack(0x00430000,0x00c30000)]

Other Threads:
  0x086c9c00 VMThread [stack: 0x0aa80000,0x0b280000] [id=4684]
  0x08710c00 WatcherThread [stack: 0x0bb00000,0x0c300000] [id=4960]

VM state:not at safepoint (normal execution)

VM Mutex/Monitor currently owned by a thread: None

Heap
 def new generation   total 18688K, used 16079K [0x10010000, 0x11450000, 0x12010000)
  eden space 16640K,  88% used [0x10010000, 0x10e76f30, 0x11050000)
  from space 2048K,  65% used [0x11050000, 0x1119cfd8, 0x11250000)
  to   space 2048K,   0% used [0x11250000, 0x11250000, 0x11450000)
 tenured generation   total 61960K, used 42069K [0x12010000, 0x15c92000, 0x18010000)
   the space 61960K,  67% used [0x12010000, 0x14925780, 0x14925800, 0x15c92000)
 compacting perm gen  total 32768K, used 30346K [0x18010000, 0x1a010000, 0x1c010000)
   the space 32768K,  92% used [0x18010000, 0x19db2940, 0x19db2a00, 0x1a010000)
No shared spaces configured.

Dynamic libraries:
0x00400000 - 0x0042f000 	C:\Program Files\MATLAB\R2009a\bin\win32\MATLAB.exe
0x76f20000 - 0x7705c000 	C:\Windows\SYSTEM32\ntdll.dll
0x75ab0000 - 0x75b84000 	C:\Windows\system32\kernel32.dll
0x75140000 - 0x7518a000 	C:\Windows\system32\KERNELBASE.dll
0x7b280000 - 0x7b34a000 	C:\Program Files\MATLAB\R2009a\bin\win32\libut.dll
0x76e60000 - 0x76e8a000 	C:\Windows\system32\imagehlp.dll
0x75560000 - 0x7560c000 	C:\Windows\system32\msvcrt.dll
0x77070000 - 0x77075000 	C:\Windows\system32\PSAPI.DLL
0x7bba0000 - 0x7bbbf000 	C:\Program Files\MATLAB\R2009a\bin\win32\LIBEXPAT.dll
0x71ad0000 - 0x71b6b000 	C:\Windows\WinSxS\x86_microsoft.vc80.crt_1fc8b3b9a1e18e3b_8.0.50727.4927_none_d08a205e442db5b5\MSVCR80.dll
0x7b6b0000 - 0x7b791000 	C:\Program Files\MATLAB\R2009a\bin\win32\icuuc38.dll
0x75c10000 - 0x75cb0000 	C:\Windows\system32\ADVAPI32.dll
0x753e0000 - 0x753f9000 	C:\Windows\SYSTEM32\sechost.dll
0x76090000 - 0x76131000 	C:\Windows\system32\RPCRT4.dll
0x7ad90000 - 0x7ad94000 	C:\Program Files\MATLAB\R2009a\bin\win32\icudt38.dll
0x7ada0000 - 0x7adac000 	C:\Program Files\MATLAB\R2009a\bin\win32\icuio38.dll
0x7afe0000 - 0x7b0c4000 	C:\Program Files\MATLAB\R2009a\bin\win32\icuin38.dll
0x00210000 - 0x00297000 	C:\Windows\WinSxS\x86_microsoft.vc80.crt_1fc8b3b9a1e18e3b_8.0.50727.4927_none_d08a205e442db5b5\MSVCP80.dll
0x76d90000 - 0x76e59000 	C:\Windows\system32\USER32.dll
0x76040000 - 0x7608e000 	C:\Windows\system32\GDI32.dll
0x753d0000 - 0x753da000 	C:\Windows\system32\LPK.dll
0x756c0000 - 0x7575d000 	C:\Windows\system32\USP10.dll
0x782e0000 - 0x78317000 	C:\Program Files\MATLAB\R2009a\bin\win32\libmwfl.dll
0x10000000 - 0x1000e000 	C:\Program Files\MATLAB\R2009a\bin\win32\boost_date_time-vc80-mt-1_36.dll
0x002c0000 - 0x002d0000 	C:\Program Files\MATLAB\R2009a\bin\win32\boost_signals-vc80-mt-1_36.dll
0x002e0000 - 0x002e7000 	C:\Program Files\MATLAB\R2009a\bin\win32\boost_system-vc80-mt-1_36.dll
0x00300000 - 0x0030c000 	C:\Program Files\MATLAB\R2009a\bin\win32\boost_thread-vc80-mt-1_36.dll
0x7b3b0000 - 0x7b59a000 	C:\Program Files\MATLAB\R2009a\bin\win32\libmwservices.dll
0x7b350000 - 0x7b3aa000 	C:\Program Files\MATLAB\R2009a\bin\win32\libmx.dll
0x787a0000 - 0x787b3000 	C:\Program Files\MATLAB\R2009a\bin\win32\zlib1.dll
0x7b5a0000 - 0x7b6af000 	C:\Program Files\MATLAB\R2009a\bin\win32\libmwmathutil.dll
0x79510000 - 0x79543000 	C:\Program Files\MATLAB\R2009a\bin\win32\mpath.dll
0x00360000 - 0x0038f000 	C:\Program Files\MATLAB\R2009a\bin\win32\mlutil.dll
0x003a0000 - 0x003d9000 	C:\Program Files\MATLAB\R2009a\bin\win32\tbb.dll
0x752e0000 - 0x75364000 	C:\Windows\WinSxS\x86_microsoft.windows.common-controls_6595b64144ccf1df_5.82.7600.16385_none_ebf82fc36c758ad5\COMCTL32.dll
0x75b90000 - 0x75c0b000 	C:\Windows\system32\comdlg32.dll
0x75370000 - 0x753c7000 	C:\Windows\system32\SHLWAPI.dll
0x76140000 - 0x76d89000 	C:\Windows\system32\SHELL32.dll
0x73700000 - 0x73711000 	C:\Windows\system32\NETAPI32.dll
0x736f0000 - 0x736f9000 	C:\Windows\system32\netutils.dll
0x74dc0000 - 0x74dd9000 	C:\Windows\system32\srvcli.dll
0x736e0000 - 0x736ef000 	C:\Windows\system32\wkscli.dll
0x77110000 - 0x77145000 	C:\Windows\system32\WS2_32.dll
0x75760000 - 0x75766000 	C:\Windows\system32\NSI.dll
0x79a80000 - 0x79ad3000 	C:\Program Files\MATLAB\R2009a\bin\win32\mcr.dll
0x7adb0000 - 0x7adeb000 	C:\Program Files\MATLAB\R2009a\bin\win32\iqm.dll
0x7a080000 - 0x7a558000 	C:\Program Files\MATLAB\R2009a\bin\win32\m_interpreter.dll
0x7ae00000 - 0x7ae0c000 	C:\Program Files\MATLAB\R2009a\bin\win32\libmex.dll
0x79960000 - 0x799b7000 	C:\Program Files\MATLAB\R2009a\bin\win32\m_dispatcher.dll
0x78670000 - 0x7868c000 	C:\Program Files\MATLAB\R2009a\bin\win32\datasvcs.dll
0x78df0000 - 0x78fb2000 	C:\Program Files\MATLAB\R2009a\bin\win32\xerces-c_2_7.dll
0x00c80000 - 0x00d1d000 	C:\Program Files\MATLAB\R2009a\bin\win32\boost_regex-vc80-mt-1_36.dll
0x79870000 - 0x798c7000 	C:\Program Files\MATLAB\R2009a\bin\win32\profiler.dll
0x7ae60000 - 0x7ae7e000 	C:\Program Files\MATLAB\R2009a\bin\win32\libmwmathrng.dll
0x78720000 - 0x78732000 	C:\Program Files\MATLAB\R2009a\bin\win32\m_pcodeio.dll
0x794d0000 - 0x79507000 	C:\Program Files\MATLAB\R2009a\bin\win32\m_ir.dll
0x79b60000 - 0x7a077000 	C:\Program Files\MATLAB\R2009a\bin\win32\m_parser.dll
0x7adf0000 - 0x7adfe000 	C:\Program Files\MATLAB\R2009a\bin\win32\ir_xfmr.dll
0x78320000 - 0x78468000 	C:\Program Files\MATLAB\R2009a\bin\win32\mcos.dll
0x7aea0000 - 0x7aeaa000 	C:\Program Files\MATLAB\R2009a\bin\win32\mtok.dll
0x78700000 - 0x78716000 	C:\Program Files\MATLAB\R2009a\bin\win32\m_pcodegen.dll
0x78650000 - 0x7866b000 	C:\Program Files\MATLAB\R2009a\bin\win32\bridge.dll
0x7aae0000 - 0x7ab64000 	C:\Program Files\MATLAB\R2009a\bin\win32\udd.dll
0x7b7a0000 - 0x7b89b000 	C:\Program Files\MATLAB\R2009a\bin\win32\libmwgui.dll
0x78800000 - 0x789f1000 	C:\Program Files\MATLAB\R2009a\bin\win32\hg.dll
0x78690000 - 0x786b2000 	C:\Program Files\MATLAB\R2009a\bin\win32\libmat.dll
0x7b0d0000 - 0x7b275000 	C:\Program Files\MATLAB\R2009a\bin\win32\libhdf5.dll
0x793e0000 - 0x7941e000 	C:\Program Files\MATLAB\R2009a\bin\win32\jmi.dll
0x790f0000 - 0x7911c000 	C:\Program Files\MATLAB\R2009a\bin\win32\libmwhardcopy.dll
0x79490000 - 0x794c7000 	C:\Program Files\MATLAB\R2009a\bin\win32\libuij.dll
0x78d50000 - 0x78de5000 	C:\Program Files\MATLAB\R2009a\bin\win32\libmwmathlinalg.dll
0x78a60000 - 0x78d42000 	C:\Program Files\MATLAB\R2009a\bin\win32\libmwmathelem.dll
0x78a00000 - 0x78a52000 	C:\Program Files\MATLAB\R2009a\bin\win32\libmwmathcore.dll
0x798d0000 - 0x79917000 	C:\Program Files\MATLAB\R2009a\bin\win32\libmwcholmod.dll
0x7ae10000 - 0x7ae1a000 	C:\Program Files\MATLAB\R2009a\bin\win32\libmwamd.dll
0x7ae40000 - 0x7ae49000 	C:\Program Files\MATLAB\R2009a\bin\win32\libmwcolamd.dll
0x7ae30000 - 0x7ae3d000 	C:\Program Files\MATLAB\R2009a\bin\win32\libmwblas.dll
0x7ae20000 - 0x7ae2c000 	C:\Program Files\MATLAB\R2009a\bin\win32\libmwbinder.dll
0x786c0000 - 0x786f8000 	C:\Program Files\MATLAB\R2009a\bin\win32\libmwlapack.dll
0x00ee0000 - 0x00f15000 	C:\Program Files\MATLAB\R2009a\bin\win32\libmwrookfastbp.dll
0x79120000 - 0x7915c000 	C:\Program Files\MATLAB\R2009a\bin\win32\libmwma57.dll
0x7aef0000 - 0x7afd9000 	C:\Program Files\MATLAB\R2009a\bin\win32\libifcoremd.dll
0x79550000 - 0x79813000 	C:\Program Files\MATLAB\R2009a\bin\win32\libmmd.dll
0x7ae50000 - 0x7ae5c000 	C:\Program Files\MATLAB\R2009a\bin\win32\libmwcsparse.dll
0x79a20000 - 0x79a73000 	C:\Program Files\MATLAB\R2009a\bin\win32\libmwumfpack.dll
0x00f60000 - 0x01007000 	C:\Program Files\MATLAB\R2009a\bin\win32\hgdatatypes.dll
0x7ab70000 - 0x7ad89000 	C:\Program Files\MATLAB\R2009a\bin\win32\uiw.dll
0x7aee0000 - 0x7aee9000 	C:\Program Files\MATLAB\R2009a\bin\win32\uinone.dll
0x01040000 - 0x01150000 	C:\Windows\WinSxS\x86_microsoft.vc80.mfc_1fc8b3b9a1e18e3b_8.0.50727.4027_none_cbeeb6564710a1d1\MFC80.DLL
0x738a0000 - 0x738f1000 	C:\Windows\system32\WINSPOOL.DRV
0x75400000 - 0x7555c000 	C:\Windows\system32\ole32.dll
0x77080000 - 0x7710f000 	C:\Windows\system32\OLEAUT32.dll
0x79ae0000 - 0x79b55000 	C:\Program Files\MATLAB\R2009a\bin\win32\udd_mi.dll
0x78740000 - 0x78753000 	C:\Program Files\MATLAB\R2009a\bin\win32\mwoles05.DLL
0x79820000 - 0x79864000 	C:\Program Files\MATLAB\R2009a\bin\win32\comcli.dll
0x01180000 - 0x0119b000 	C:\Windows\WinSxS\x86_microsoft.vc80.atl_1fc8b3b9a1e18e3b_8.0.50727.4053_none_d1c738ec43578ea1\ATL80.DLL
0x7ae90000 - 0x7ae9b000 	C:\Program Files\MATLAB\R2009a\bin\win32\mlautoregister.dll
0x75cb0000 - 0x75ccf000 	C:\Windows\system32\IMM32.DLL
0x75dd0000 - 0x75e9c000 	C:\Windows\system32\MSCTF.dll
0x01400000 - 0x0140e000 	C:\Windows\WinSxS\x86_microsoft.vc80.mfcloc_1fc8b3b9a1e18e3b_8.0.50727.4027_none_03c6f934205fcb15\MFC80ENU.DLL
0x75070000 - 0x7507b000 	C:\Windows\system32\profapi.dll
0x74ff0000 - 0x74ffc000 	C:\Windows\system32\CRYPTBASE.dll
0x73e80000 - 0x73ec0000 	C:\Windows\system32\uxtheme.dll
0x74000000 - 0x7419e000 	C:\Windows\WinSxS\x86_microsoft.windows.common-controls_6595b64144ccf1df_6.0.7600.16385_none_421189da2b7fabfc\comctl32.dll
0x75ea0000 - 0x7603d000 	C:\Windows\system32\SETUPAPI.dll
0x75110000 - 0x75137000 	C:\Windows\system32\CFGMGR32.dll
0x750f0000 - 0x75102000 	C:\Windows\system32\DEVOBJ.dll
0x76e90000 - 0x76f13000 	C:\Windows\system32\CLBCatQ.DLL
0x73ec0000 - 0x73fb5000 	C:\Windows\system32\propsys.dll
0x73570000 - 0x73591000 	C:\Windows\system32\ntmarta.dll
0x75670000 - 0x756b5000 	C:\Windows\system32\WLDAP32.dll
0x02cf0000 - 0x02cf3000 	C:\Windows\system32\icmp.Dll
0x72510000 - 0x7252c000 	C:\Windows\system32\iphlpapi.DLL
0x72500000 - 0x72507000 	C:\Windows\system32\WINNSI.DLL
0x74f80000 - 0x74f9a000 	C:\Windows\system32\SspiCli.dll
0x733f0000 - 0x73400000 	C:\Windows\system32\NLAapi.dll
0x74ae0000 - 0x74b1c000 	C:\Windows\System32\mswsock.dll
0x749a0000 - 0x749e4000 	C:\Windows\system32\DNSAPI.dll
0x02d10000 - 0x02d18000 	C:\Windows\System32\winrnr.dll
0x02db0000 - 0x02dc0000 	C:\Windows\system32\napinsp.dll
0x02dc0000 - 0x02dd2000 	C:\Windows\system32\pnrpnsp.dll
0x02df0000 - 0x02dfd000 	C:\Windows\system32\wshbth.dll
0x02e20000 - 0x02e45000 	C:\Program Files\Bonjour\mdnsNSP.dll
0x723c0000 - 0x723f8000 	C:\Windows\System32\fwpuclnt.dll
0x71a00000 - 0x71a06000 	C:\Windows\system32\rasadhlp.dll
0x74600000 - 0x74605000 	C:\Windows\System32\wshtcpip.dll
0x72350000 - 0x72362000 	C:\Windows\system32\dhcpcsvc.DLL
0x72340000 - 0x7234d000 	C:\Windows\system32\dhcpcsvc6.DLL

VM Arguments:
jvm_args: -Xss512k -XX:PermSize=32m -Xms64m -XX:NewRatio=3 -XX:MaxPermSize=64m -Xmx128m -XX:MaxDirectMemorySize=1200000000 -Dsun.java2d.noddraw=true -Dsun.awt.nopixfmt=true -Xshare:off -Xrs -Djava.library.path=C:\Program Files\MATLAB\R2009a\bin\win32 vfprintf abort 
java_command: <unknown>
Launcher Type: generic

Environment Variables:
PATH=C:\Windows\system32;C:\Windows;C:\Windows\System32\Wbem;C:\Windows\System32\WindowsPowerShell\v1.0\;C:\Program Files\ThinkPad\Bluetooth Software\;C:\Program Files\Common Files\Lenovo;C:\Program Files\Common Files\Ulead Systems\MPEG;C:\Program Files\Lenovo\Access Connections\;c:\Program Files\Microsoft SQL Server\90\Tools\binn\;c:\Program Files\Microsoft SQL Server\100\Tools\Binn\;c:\Program Files\Microsoft SQL Server\100\DTS\Binn\;C:\Program Files\MATLAB\R2009a\bin;C:\Program Files\MATLAB\R2009a\bin\win32
USERNAME=Shamira
OS=Windows_NT
PROCESSOR_IDENTIFIER=x86 Family 6 Model 37 Stepping 2, GenuineIntel



---------------  S Y S T E M  ---------------

OS: Windows NT 6.1 Build 7600 

CPU:total 4 (8 cores per cpu, 2 threads per core) family 6 model 5 stepping 2, cmov, cx8, fxsr, mmx, sse, sse2, sse3, ssse3, ht

Memory: 4k page, physical 3133120k(1222364k free), swap 4194303k(4048964k free)

vm_info: Java HotSpot(TM) Client VM (10.0-b19) for windows-x86 JRE (1.6.0_04-b12), built on Dec 14 2007 00:51:20 by "java_re" with MS VC++ 7.1

time: Wed Sep 29 23:53:24 2010
elapsed time: 24125 seconds

